<?xml version="1.0" encoding="UTF-8"?>
<testsuite xmlns:xsi="http://www.w3.org/2001/XMLSchema-instance" xsi:noNamespaceSchemaLocation="https://maven.apache.org/surefire/maven-surefire-plugin/xsd/surefire-test-report.xsd" name="za.co.wethinkcode.api.QuoteApiTests" time="0.036" tests="1" errors="1" skipped="0" failures="0">
  <properties>
[...]
</properties>
  <testcase name="za.co.wethinkcode.api.QuoteApiTests" classname="za.co.wethinkcode.api.QuoteApiTests" time="0.031">
    <error message="java.sql.SQLException: No suitable driver found for jbdc:sqlite:Quotes" type="java.lang.RuntimeException">java.lang.RuntimeException: java.sql.SQLException: No suitable driver found for jbdc:sqlite:Quotes
	at za.co.wethinkcode.api.QuoteApiTests.startServer(QuoteApiTests.java:24)
Caused by: java.sql.SQLException: No suitable driver found for jbdc:sqlite:Quotes
	at za.co.wethinkcode.api.QuoteApiTests.startServer(QuoteApiTests.java:24)
</error>
  </testcase>
</testsuite>